[    3982ms] [INFO] %cDownload the React DevTools for a better development experience: https://react.dev/link/react-devtools font-weight:bold @ http://localhost:4322/node_modules/.vite/deps/chunk-HUKPTV3E.js?v=d426cdd8:20102
[    4345ms] [INFO] %cDownload the React DevTools for a better development experience: https://react.dev/link/react-devtools font-weight:bold @ http://localhost:4322/node_modules/.vite/deps/@sentry_astro.js?v=ca4c7c07:7856
[    5442ms] [ERROR] Failed to load resource: the server responded with a status of 403 () @ https://o4511508107755520.ingest.de.sentry.io/api/4511508132331600/envelope/?sentry_version=7&sentry_key=e7d48789153d6cbfcc0697cdb26e01f7&sentry_client=sentry.javascript.astro%2F10.56.0:0
[   19395ms] [INFO] %cDownload the React DevTools for a better development experience: https://react.dev/link/react-devtools font-weight:bold @ http://localhost:4322/node_modules/.vite/deps/@sentry_astro.js?v=ca4c7c07:7856
[   20450ms] [ERROR] Failed to load resource: the server responded with a status of 403 () @ https://o4511508107755520.ingest.de.sentry.io/api/4511508132331600/envelope/?sentry_version=7&sentry_key=e7d48789153d6cbfcc0697cdb26e01f7&sentry_client=sentry.javascript.astro%2F10.56.0:0
[   76075ms] [ERROR] WebSocket connection to 'ws://localhost:4322/?token=A7QlpqUqP4X6' failed:  @ http://localhost:4322/@vite/client:1478
[   76075ms] [LOG] [vite] server connection lost. Polling for restart... @ http://localhost:4322/node_modules/.vite/deps/@sentry_astro.js?v=ca4c7c07:7856
[  109865ms] [ERROR] WebSocket connection to 'ws://localhost:4322/?token=A7QlpqUqP4X6' failed: Error in connection establishment: net::ERR_CONNECTION_REFUSED @ http://localhost:4322/@vite/client:1478
[  109885ms] [INFO] %cDownload the React DevTools for a better development experience: https://react.dev/link/react-devtools font-weight:bold @ http://localhost:4322/node_modules/.vite/deps/chunk-HUKPTV3E.js?v=ca4c7c07:20102
[  109936ms] [ERROR] WebSocket connection to 'ws://localhost:4322/?token=A7QlpqUqP4X6' failed: Error in connection establishment: net::ERR_CONNECTION_REFUSED @ http://localhost:4322/@vite/client:1488
[  109943ms] [ERROR] [vite] failed to connect to websocket.
your current setup:
  (browser) localhost:4322/ <--[HTTP]--> localhost:4322/ (server)
  (browser) localhost:4322/ <--[WebSocket (failing)]--> localhost:4322/ (server)
Check out your Vite / network configuration and https://vite.dev/config/server-options.html#server-hmr . @ http://localhost:4322/node_modules/.vite/deps/@sentry_astro.js?v=ca4c7c07:7856
[  109961ms] [ERROR] [vite] TypeError: Cannot read properties of undefined (reading 'send')
    at Object.send (http://localhost:4322/@vite/client:449:7)
    at Object.send (http://localhost:4322/@vite/client:1514:16)
    at Object.send (http://localhost:4322/@vite/client:318:23)
    at Object.send (http://localhost:4322/@vite/client:396:30)
    at HMRClient.send (http://localhost:4322/@vite/client:157:18)
    at HMRContext.send (http://localhost:4322/@vite/client:119:18)
    at AstroDevToolbar.setAppStatus (http://localhost:4322/node_modules/.vite/deps/toolbar-5EBOXJXS.js?v=ca4c7c07:440:22)
    at http://localhost:4322/node_modules/.vite/deps/toolbar-5EBOXJXS.js?v=ca4c7c07:302:18
    at Array.forEach (<anonymous>)
    at AstroDevToolbar.connectedCallback (http://localhost:4322/node_modules/.vite/deps/toolbar-5EBOXJXS.js?v=ca4c7c07:301:15)
    at HTMLDocument.<anonymous> (http://localhost:4322/@id/astro/runtime/client/dev-toolbar/entrypoint.js:236:17) @ http://localhost:4322/node_modules/.vite/deps/@sentry_astro.js?v=ca4c7c07:7856
[  109962ms] [ERROR] [vite] TypeError: Cannot read properties of undefined (reading 'send')
    at Object.send (http://localhost:4322/@vite/client:449:7)
    at Object.send (http://localhost:4322/@vite/client:1514:16)
    at Object.send (http://localhost:4322/@vite/client:318:23)
    at Object.send (http://localhost:4322/@vite/client:396:30)
    at HMRClient.send (http://localhost:4322/@vite/client:157:18)
    at HMRContext.send (http://localhost:4322/@vite/client:119:18)
    at AstroDevToolbar.setAppStatus (http://localhost:4322/node_modules/.vite/deps/toolbar-5EBOXJXS.js?v=ca4c7c07:440:22)
    at http://localhost:4322/node_modules/.vite/deps/toolbar-5EBOXJXS.js?v=ca4c7c07:302:18
    at Array.forEach (<anonymous>)
    at AstroDevToolbar.connectedCallback (http://localhost:4322/node_modules/.vite/deps/toolbar-5EBOXJXS.js?v=ca4c7c07:301:15)
    at HTMLDocument.<anonymous> (http://localhost:4322/@id/astro/runtime/client/dev-toolbar/entrypoint.js:236:17) @ http://localhost:4322/node_modules/.vite/deps/@sentry_astro.js?v=ca4c7c07:7856
[  109962ms] [ERROR] [vite] TypeError: Cannot read properties of undefined (reading 'send')
    at Object.send (http://localhost:4322/@vite/client:449:7)
    at Object.send (http://localhost:4322/@vite/client:1514:16)
    at Object.send (http://localhost:4322/@vite/client:318:23)
    at Object.send (http://localhost:4322/@vite/client:396:30)
    at HMRClient.send (http://localhost:4322/@vite/client:157:18)
    at HMRContext.send (http://localhost:4322/@vite/client:119:18)
    at AstroDevToolbar.setAppStatus (http://localhost:4322/node_modules/.vite/deps/toolbar-5EBOXJXS.js?v=ca4c7c07:440:22)
    at http://localhost:4322/node_modules/.vite/deps/toolbar-5EBOXJXS.js?v=ca4c7c07:302:18
    at Array.forEach (<anonymous>)
    at AstroDevToolbar.connectedCallback (http://localhost:4322/node_modules/.vite/deps/toolbar-5EBOXJXS.js?v=ca4c7c07:301:15)
    at HTMLDocument.<anonymous> (http://localhost:4322/@id/astro/runtime/client/dev-toolbar/entrypoint.js:236:17) @ http://localhost:4322/node_modules/.vite/deps/@sentry_astro.js?v=ca4c7c07:7856
[  109962ms] [ERROR] [vite] TypeError: Cannot read properties of undefined (reading 'send')
    at Object.send (http://localhost:4322/@vite/client:449:7)
    at Object.send (http://localhost:4322/@vite/client:1514:16)
    at Object.send (http://localhost:4322/@vite/client:318:23)
    at Object.send (http://localhost:4322/@vite/client:396:30)
    at HMRClient.send (http://localhost:4322/@vite/client:157:18)
    at HMRContext.send (http://localhost:4322/@vite/client:119:18)
    at AstroDevToolbar.setAppStatus (http://localhost:4322/node_modules/.vite/deps/toolbar-5EBOXJXS.js?v=ca4c7c07:440:22)
    at http://localhost:4322/node_modules/.vite/deps/toolbar-5EBOXJXS.js?v=ca4c7c07:302:18
    at Array.forEach (<anonymous>)
    at AstroDevToolbar.connectedCallback (http://localhost:4322/node_modules/.vite/deps/toolbar-5EBOXJXS.js?v=ca4c7c07:301:15)
    at HTMLDocument.<anonymous> (http://localhost:4322/@id/astro/runtime/client/dev-toolbar/entrypoint.js:236:17) @ http://localhost:4322/node_modules/.vite/deps/@sentry_astro.js?v=ca4c7c07:7856
[  109962ms] [ERROR] [vite] TypeError: Cannot read properties of undefined (reading 'send')
    at Object.send (http://localhost:4322/@vite/client:449:7)
    at Object.send (http://localhost:4322/@vite/client:1514:16)
    at Object.send (http://localhost:4322/@vite/client:318:23)
    at Object.send (http://localhost:4322/@vite/client:396:30)
    at HMRClient.send (http://localhost:4322/@vite/client:157:18)
    at HMRContext.send (http://localhost:4322/@vite/client:119:18)
    at AstroDevToolbar.setAppStatus (http://localhost:4322/node_modules/.vite/deps/toolbar-5EBOXJXS.js?v=ca4c7c07:440:22)
    at http://localhost:4322/node_modules/.vite/deps/toolbar-5EBOXJXS.js?v=ca4c7c07:302:18
    at Array.forEach (<anonymous>)
    at AstroDevToolbar.connectedCallback (http://localhost:4322/node_modules/.vite/deps/toolbar-5EBOXJXS.js?v=ca4c7c07:301:15)
    at HTMLDocument.<anonymous> (http://localhost:4322/@id/astro/runtime/client/dev-toolbar/entrypoint.js:236:17) @ http://localhost:4322/node_modules/.vite/deps/@sentry_astro.js?v=ca4c7c07:7856
[  109982ms] [ERROR] [vite] TypeError: Cannot read properties of undefined (reading 'send')
    at Object.send (http://localhost:4322/@vite/client:449:7)
    at Object.send (http://localhost:4322/@vite/client:1514:16)
    at Object.send (http://localhost:4322/@vite/client:318:23)
    at Object.send (http://localhost:4322/@vite/client:396:30)
    at HMRClient.send (http://localhost:4322/@vite/client:157:18)
    at HMRContext.send (http://localhost:4322/@vite/client:119:18)
    at AstroDevToolbar.initApp (http://localhost:4322/node_modules/.vite/deps/toolbar-5EBOXJXS.js?v=ca4c7c07:355:25) @ http://localhost:4322/node_modules/.vite/deps/@sentry_astro.js?v=ca4c7c07:7856
[  109982ms] [ERROR] [vite] TypeError: Cannot read properties of undefined (reading 'send')
    at Object.send (http://localhost:4322/@vite/client:449:7)
    at Object.send (http://localhost:4322/@vite/client:1514:16)
    at Object.send (http://localhost:4322/@vite/client:318:23)
    at Object.send (http://localhost:4322/@vite/client:396:30)
    at HMRClient.send (http://localhost:4322/@vite/client:157:18)
    at HMRContext.send (http://localhost:4322/@vite/client:119:18)
    at AstroDevToolbar.initApp (http://localhost:4322/node_modules/.vite/deps/toolbar-5EBOXJXS.js?v=ca4c7c07:355:25) @ http://localhost:4322/node_modules/.vite/deps/@sentry_astro.js?v=ca4c7c07:7856
[  109982ms] [ERROR] [vite] TypeError: Cannot read properties of undefined (reading 'send')
    at Object.send (http://localhost:4322/@vite/client:449:7)
    at Object.send (http://localhost:4322/@vite/client:1514:16)
    at Object.send (http://localhost:4322/@vite/client:318:23)
    at Object.send (http://localhost:4322/@vite/client:396:30)
    at HMRClient.send (http://localhost:4322/@vite/client:157:18)
    at HMRContext.send (http://localhost:4322/@vite/client:119:18)
    at AstroDevToolbar.initApp (http://localhost:4322/node_modules/.vite/deps/toolbar-5EBOXJXS.js?v=ca4c7c07:355:25) @ http://localhost:4322/node_modules/.vite/deps/@sentry_astro.js?v=ca4c7c07:7856
[  109982ms] [ERROR] [vite] TypeError: Cannot read properties of undefined (reading 'send')
    at Object.send (http://localhost:4322/@vite/client:449:7)
    at Object.send (http://localhost:4322/@vite/client:1514:16)
    at Object.send (http://localhost:4322/@vite/client:318:23)
    at Object.send (http://localhost:4322/@vite/client:396:30)
    at HMRClient.send (http://localhost:4322/@vite/client:157:18)
    at HMRContext.send (http://localhost:4322/@vite/client:119:18)
    at AstroDevToolbar.initApp (http://localhost:4322/node_modules/.vite/deps/toolbar-5EBOXJXS.js?v=ca4c7c07:355:25) @ http://localhost:4322/node_modules/.vite/deps/@sentry_astro.js?v=ca4c7c07:7856
[  109987ms] [ERROR] [vite] TypeError: Cannot read properties of undefined (reading 'send')
    at Object.send (http://localhost:4322/@vite/client:449:7)
    at Object.send (http://localhost:4322/@vite/client:1514:16)
    at Object.send (http://localhost:4322/@vite/client:318:23)
    at Object.send (http://localhost:4322/@vite/client:396:30)
    at HMRClient.send (http://localhost:4322/@vite/client:157:18)
    at HMRContext.send (http://localhost:4322/@vite/client:119:18)
    at AstroDevToolbar.initApp (http://localhost:4322/node_modules/.vite/deps/toolbar-5EBOXJXS.js?v=ca4c7c07:355:25) @ http://localhost:4322/node_modules/.vite/deps/@sentry_astro.js?v=ca4c7c07:7856
[  111006ms] [ERROR] Failed to load resource: the server responded with a status of 403 () @ https://o4511508107755520.ingest.de.sentry.io/api/4511508132331600/envelope/?sentry_version=7&sentry_key=e7d48789153d6cbfcc0697cdb26e01f7&sentry_client=sentry.javascript.astro%2F10.56.0:0
[  114401ms] [ERROR] WebSocket connection to 'ws://localhost:4322/?token=A7QlpqUqP4X6' failed: Error in connection establishment: net::ERR_CONNECTION_REFUSED @ http://localhost:4322/@vite/client:1478
[  114448ms] [INFO] %cDownload the React DevTools for a better development experience: https://react.dev/link/react-devtools font-weight:bold @ http://localhost:4322/node_modules/.vite/deps/@sentry_astro.js?v=ca4c7c07:7856
[  114455ms] [ERROR] WebSocket connection to 'ws://localhost:4322/?token=A7QlpqUqP4X6' failed: Error in connection establishment: net::ERR_CONNECTION_REFUSED @ http://localhost:4322/@vite/client:1488
[  114461ms] [ERROR] [vite] failed to connect to websocket.
your current setup:
  (browser) localhost:4322/ <--[HTTP]--> localhost:4322/ (server)
  (browser) localhost:4322/ <--[WebSocket (failing)]--> localhost:4322/ (server)
Check out your Vite / network configuration and https://vite.dev/config/server-options.html#server-hmr . @ http://localhost:4322/node_modules/.vite/deps/@sentry_astro.js?v=ca4c7c07:7856
[  114478ms] [ERROR] [vite] TypeError: Cannot read properties of undefined (reading 'send')
    at Object.send (http://localhost:4322/@vite/client:449:7)
    at Object.send (http://localhost:4322/@vite/client:1514:16)
    at Object.send (http://localhost:4322/@vite/client:318:23)
    at Object.send (http://localhost:4322/@vite/client:396:30)
    at HMRClient.send (http://localhost:4322/@vite/client:157:18)
    at HMRContext.send (http://localhost:4322/@vite/client:119:18)
    at AstroDevToolbar.setAppStatus (http://localhost:4322/node_modules/.vite/deps/toolbar-5EBOXJXS.js?v=ca4c7c07:440:22)
    at http://localhost:4322/node_modules/.vite/deps/toolbar-5EBOXJXS.js?v=ca4c7c07:302:18
    at Array.forEach (<anonymous>)
    at AstroDevToolbar.connectedCallback (http://localhost:4322/node_modules/.vite/deps/toolbar-5EBOXJXS.js?v=ca4c7c07:301:15)
    at HTMLDocument.<anonymous> (http://localhost:4322/@id/astro/runtime/client/dev-toolbar/entrypoint.js:236:17) @ http://localhost:4322/node_modules/.vite/deps/@sentry_astro.js?v=ca4c7c07:7856
[  114478ms] [ERROR] [vite] TypeError: Cannot read properties of undefined (reading 'send')
    at Object.send (http://localhost:4322/@vite/client:449:7)
    at Object.send (http://localhost:4322/@vite/client:1514:16)
    at Object.send (http://localhost:4322/@vite/client:318:23)
    at Object.send (http://localhost:4322/@vite/client:396:30)
    at HMRClient.send (http://localhost:4322/@vite/client:157:18)
    at HMRContext.send (http://localhost:4322/@vite/client:119:18)
    at AstroDevToolbar.setAppStatus (http://localhost:4322/node_modules/.vite/deps/toolbar-5EBOXJXS.js?v=ca4c7c07:440:22)
    at http://localhost:4322/node_modules/.vite/deps/toolbar-5EBOXJXS.js?v=ca4c7c07:302:18
    at Array.forEach (<anonymous>)
    at AstroDevToolbar.connectedCallback (http://localhost:4322/node_modules/.vite/deps/toolbar-5EBOXJXS.js?v=ca4c7c07:301:15)
    at HTMLDocument.<anonymous> (http://localhost:4322/@id/astro/runtime/client/dev-toolbar/entrypoint.js:236:17) @ http://localhost:4322/node_modules/.vite/deps/@sentry_astro.js?v=ca4c7c07:7856
[  114478ms] [ERROR] [vite] TypeError: Cannot read properties of undefined (reading 'send')
    at Object.send (http://localhost:4322/@vite/client:449:7)
    at Object.send (http://localhost:4322/@vite/client:1514:16)
    at Object.send (http://localhost:4322/@vite/client:318:23)
    at Object.send (http://localhost:4322/@vite/client:396:30)
    at HMRClient.send (http://localhost:4322/@vite/client:157:18)
    at HMRContext.send (http://localhost:4322/@vite/client:119:18)
    at AstroDevToolbar.setAppStatus (http://localhost:4322/node_modules/.vite/deps/toolbar-5EBOXJXS.js?v=ca4c7c07:440:22)
    at http://localhost:4322/node_modules/.vite/deps/toolbar-5EBOXJXS.js?v=ca4c7c07:302:18
    at Array.forEach (<anonymous>)
    at AstroDevToolbar.connectedCallback (http://localhost:4322/node_modules/.vite/deps/toolbar-5EBOXJXS.js?v=ca4c7c07:301:15)
    at HTMLDocument.<anonymous> (http://localhost:4322/@id/astro/runtime/client/dev-toolbar/entrypoint.js:236:17) @ http://localhost:4322/node_modules/.vite/deps/@sentry_astro.js?v=ca4c7c07:7856
[  114478ms] [ERROR] [vite] TypeError: Cannot read properties of undefined (reading 'send')
    at Object.send (http://localhost:4322/@vite/client:449:7)
    at Object.send (http://localhost:4322/@vite/client:1514:16)
    at Object.send (http://localhost:4322/@vite/client:318:23)
    at Object.send (http://localhost:4322/@vite/client:396:30)
    at HMRClient.send (http://localhost:4322/@vite/client:157:18)
    at HMRContext.send (http://localhost:4322/@vite/client:119:18)
    at AstroDevToolbar.setAppStatus (http://localhost:4322/node_modules/.vite/deps/toolbar-5EBOXJXS.js?v=ca4c7c07:440:22)
    at http://localhost:4322/node_modules/.vite/deps/toolbar-5EBOXJXS.js?v=ca4c7c07:302:18
    at Array.forEach (<anonymous>)
    at AstroDevToolbar.connectedCallback (http://localhost:4322/node_modules/.vite/deps/toolbar-5EBOXJXS.js?v=ca4c7c07:301:15)
    at HTMLDocument.<anonymous> (http://localhost:4322/@id/astro/runtime/client/dev-toolbar/entrypoint.js:236:17) @ http://localhost:4322/node_modules/.vite/deps/@sentry_astro.js?v=ca4c7c07:7856
[  114478ms] [ERROR] [vite] TypeError: Cannot read properties of undefined (reading 'send')
    at Object.send (http://localhost:4322/@vite/client:449:7)
    at Object.send (http://localhost:4322/@vite/client:1514:16)
    at Object.send (http://localhost:4322/@vite/client:318:23)
    at Object.send (http://localhost:4322/@vite/client:396:30)
    at HMRClient.send (http://localhost:4322/@vite/client:157:18)
    at HMRContext.send (http://localhost:4322/@vite/client:119:18)
    at AstroDevToolbar.setAppStatus (http://localhost:4322/node_modules/.vite/deps/toolbar-5EBOXJXS.js?v=ca4c7c07:440:22)
    at http://localhost:4322/node_modules/.vite/deps/toolbar-5EBOXJXS.js?v=ca4c7c07:302:18
    at Array.forEach (<anonymous>)
    at AstroDevToolbar.connectedCallback (http://localhost:4322/node_modules/.vite/deps/toolbar-5EBOXJXS.js?v=ca4c7c07:301:15)
    at HTMLDocument.<anonymous> (http://localhost:4322/@id/astro/runtime/client/dev-toolbar/entrypoint.js:236:17) @ http://localhost:4322/node_modules/.vite/deps/@sentry_astro.js?v=ca4c7c07:7856
[  114497ms] [ERROR] [vite] TypeError: Cannot read properties of undefined (reading 'send')
    at Object.send (http://localhost:4322/@vite/client:449:7)
    at Object.send (http://localhost:4322/@vite/client:1514:16)
    at Object.send (http://localhost:4322/@vite/client:318:23)
    at Object.send (http://localhost:4322/@vite/client:396:30)
    at HMRClient.send (http://localhost:4322/@vite/client:157:18)
    at HMRContext.send (http://localhost:4322/@vite/client:119:18)
    at AstroDevToolbar.initApp (http://localhost:4322/node_modules/.vite/deps/toolbar-5EBOXJXS.js?v=ca4c7c07:355:25) @ http://localhost:4322/node_modules/.vite/deps/@sentry_astro.js?v=ca4c7c07:7856
[  114497ms] [ERROR] [vite] TypeError: Cannot read properties of undefined (reading 'send')
    at Object.send (http://localhost:4322/@vite/client:449:7)
    at Object.send (http://localhost:4322/@vite/client:1514:16)
    at Object.send (http://localhost:4322/@vite/client:318:23)
    at Object.send (http://localhost:4322/@vite/client:396:30)
    at HMRClient.send (http://localhost:4322/@vite/client:157:18)
    at HMRContext.send (http://localhost:4322/@vite/client:119:18)
    at AstroDevToolbar.initApp (http://localhost:4322/node_modules/.vite/deps/toolbar-5EBOXJXS.js?v=ca4c7c07:355:25) @ http://localhost:4322/node_modules/.vite/deps/@sentry_astro.js?v=ca4c7c07:7856
[  114497ms] [ERROR] [vite] TypeError: Cannot read properties of undefined (reading 'send')
    at Object.send (http://localhost:4322/@vite/client:449:7)
    at Object.send (http://localhost:4322/@vite/client:1514:16)
    at Object.send (http://localhost:4322/@vite/client:318:23)
    at Object.send (http://localhost:4322/@vite/client:396:30)
    at HMRClient.send (http://localhost:4322/@vite/client:157:18)
    at HMRContext.send (http://localhost:4322/@vite/client:119:18)
    at AstroDevToolbar.initApp (http://localhost:4322/node_modules/.vite/deps/toolbar-5EBOXJXS.js?v=ca4c7c07:355:25) @ http://localhost:4322/node_modules/.vite/deps/@sentry_astro.js?v=ca4c7c07:7856
[  114498ms] [ERROR] [vite] TypeError: Cannot read properties of undefined (reading 'send')
    at Object.send (http://localhost:4322/@vite/client:449:7)
    at Object.send (http://localhost:4322/@vite/client:1514:16)
    at Object.send (http://localhost:4322/@vite/client:318:23)
    at Object.send (http://localhost:4322/@vite/client:396:30)
    at HMRClient.send (http://localhost:4322/@vite/client:157:18)
    at HMRContext.send (http://localhost:4322/@vite/client:119:18)
    at AstroDevToolbar.initApp (http://localhost:4322/node_modules/.vite/deps/toolbar-5EBOXJXS.js?v=ca4c7c07:355:25) @ http://localhost:4322/node_modules/.vite/deps/@sentry_astro.js?v=ca4c7c07:7856
[  114502ms] [ERROR] [vite] TypeError: Cannot read properties of undefined (reading 'send')
    at Object.send (http://localhost:4322/@vite/client:449:7)
    at Object.send (http://localhost:4322/@vite/client:1514:16)
    at Object.send (http://localhost:4322/@vite/client:318:23)
    at Object.send (http://localhost:4322/@vite/client:396:30)
    at HMRClient.send (http://localhost:4322/@vite/client:157:18)
    at HMRContext.send (http://localhost:4322/@vite/client:119:18)
    at AstroDevToolbar.initApp (http://localhost:4322/node_modules/.vite/deps/toolbar-5EBOXJXS.js?v=ca4c7c07:355:25) @ http://localhost:4322/node_modules/.vite/deps/@sentry_astro.js?v=ca4c7c07:7856
[  115502ms] [ERROR] Failed to load resource: the server responded with a status of 403 () @ https://o4511508107755520.ingest.de.sentry.io/api/4511508132331600/envelope/?sentry_version=7&sentry_key=e7d48789153d6cbfcc0697cdb26e01f7&sentry_client=sentry.javascript.astro%2F10.56.0:0
