[     223ms] [VERBOSE] [DOM] Input elements should have autocomplete attributes (suggested: "username"): (More info: https://goo.gl/9p2vKq) %o @ http://localhost:4321/auth/signup:0
[     249ms] [INFO] %cDownload the React DevTools for a better development experience: https://react.dev/link/react-devtools font-weight:bold @ http://localhost:4321/node_modules/.vite/deps/@sentry_astro.js?v=6d999ffb:7856
[    1290ms] [ERROR] Failed to load resource: the server responded with a status of 403 () @ https://o4511508107755520.ingest.de.sentry.io/api/4511508132331600/envelope/?sentry_version=7&sentry_key=e7d48789153d6cbfcc0697cdb26e01f7&sentry_client=sentry.javascript.astro%2F10.56.0:0
[   15060ms] [VERBOSE] [DOM] Input elements should have autocomplete attributes (suggested: "username"): (More info: https://goo.gl/9p2vKq) %o @ http://localhost:4321/auth/signin:0
[   15061ms] [INFO] %cDownload the React DevTools for a better development experience: https://react.dev/link/react-devtools font-weight:bold @ http://localhost:4321/node_modules/.vite/deps/@sentry_astro.js?v=6d999ffb:7856
[   16098ms] [ERROR] Failed to load resource: the server responded with a status of 403 () @ https://o4511508107755520.ingest.de.sentry.io/api/4511508132331600/envelope/?sentry_version=7&sentry_key=e7d48789153d6cbfcc0697cdb26e01f7&sentry_client=sentry.javascript.astro%2F10.56.0:0
[   18521ms] [ERROR] Failed to load resource: the server responded with a status of 404 (Not Found) @ http://localhost:4321/forgot-password:0
[   18611ms] [ERROR] Failed to load resource: the server responded with a status of 404 (Not Found) @ http://localhost:4321/favicon.ico:0
[   20422ms] [VERBOSE] [DOM] Input elements should have autocomplete attributes (suggested: "username"): (More info: https://goo.gl/9p2vKq) %o @ http://localhost:4321/auth/signin:0
[   20428ms] [INFO] %cDownload the React DevTools for a better development experience: https://react.dev/link/react-devtools font-weight:bold @ http://localhost:4321/node_modules/.vite/deps/@sentry_astro.js?v=6d999ffb:7856
[   21458ms] [ERROR] Failed to load resource: the server responded with a status of 403 () @ https://o4511508107755520.ingest.de.sentry.io/api/4511508132331600/envelope/?sentry_version=7&sentry_key=e7d48789153d6cbfcc0697cdb26e01f7&sentry_client=sentry.javascript.astro%2F10.56.0:0
[  240446ms] [VERBOSE] [DOM] Input elements should have autocomplete attributes (suggested: "username"): (More info: https://goo.gl/9p2vKq) %o @ http://localhost:4321/auth/signup:0
[  240503ms] [INFO] %cDownload the React DevTools for a better development experience: https://react.dev/link/react-devtools font-weight:bold @ http://localhost:4321/node_modules/.vite/deps/@sentry_astro.js?v=6d999ffb:7856
[  241492ms] [ERROR] Failed to load resource: the server responded with a status of 403 () @ https://o4511508107755520.ingest.de.sentry.io/api/4511508132331600/envelope/?sentry_version=7&sentry_key=e7d48789153d6cbfcc0697cdb26e01f7&sentry_client=sentry.javascript.astro%2F10.56.0:0
[  414773ms] [VERBOSE] [DOM] Input elements should have autocomplete attributes (suggested: "username"): (More info: https://goo.gl/9p2vKq) %o @ http://localhost:4321/auth/signup:0
[  414791ms] [INFO] %cDownload the React DevTools for a better development experience: https://react.dev/link/react-devtools font-weight:bold @ http://localhost:4321/node_modules/.vite/deps/@sentry_astro.js?v=6d999ffb:7856
[  415810ms] [ERROR] Failed to load resource: the server responded with a status of 403 () @ https://o4511508107755520.ingest.de.sentry.io/api/4511508132331600/envelope/?sentry_version=7&sentry_key=e7d48789153d6cbfcc0697cdb26e01f7&sentry_client=sentry.javascript.astro%2F10.56.0:0
[  417530ms] [VERBOSE] [DOM] Input elements should have autocomplete attributes (suggested: "username"): (More info: https://goo.gl/9p2vKq) %o @ http://localhost:4321/auth/signup:0
[  417537ms] [INFO] %cDownload the React DevTools for a better development experience: https://react.dev/link/react-devtools font-weight:bold @ http://localhost:4321/node_modules/.vite/deps/chunk-HUKPTV3E.js?v=6d999ffb:20102
[  431551ms] [VERBOSE] [DOM] Input elements should have autocomplete attributes (suggested: "username"): (More info: https://goo.gl/9p2vKq) %o @ http://localhost:4321/auth/signup:0
[  431571ms] [INFO] %cDownload the React DevTools for a better development experience: https://react.dev/link/react-devtools font-weight:bold @ http://localhost:4321/node_modules/.vite/deps/@sentry_astro.js?v=6d999ffb:7856
[  432594ms] [ERROR] Failed to load resource: the server responded with a status of 403 () @ https://o4511508107755520.ingest.de.sentry.io/api/4511508132331600/envelope/?sentry_version=7&sentry_key=e7d48789153d6cbfcc0697cdb26e01f7&sentry_client=sentry.javascript.astro%2F10.56.0:0
[  433854ms] [VERBOSE] [DOM] Input elements should have autocomplete attributes (suggested: "username"): (More info: https://goo.gl/9p2vKq) %o @ http://localhost:4321/auth/signup:0
[  433866ms] [INFO] %cDownload the React DevTools for a better development experience: https://react.dev/link/react-devtools font-weight:bold @ http://localhost:4321/node_modules/.vite/deps/@sentry_astro.js?v=6d999ffb:7856
[  434898ms] [ERROR] Failed to load resource: the server responded with a status of 403 () @ https://o4511508107755520.ingest.de.sentry.io/api/4511508132331600/envelope/?sentry_version=7&sentry_key=e7d48789153d6cbfcc0697cdb26e01f7&sentry_client=sentry.javascript.astro%2F10.56.0:0
[  440323ms] [VERBOSE] [DOM] Input elements should have autocomplete attributes (suggested: "username"): (More info: https://goo.gl/9p2vKq) %o @ http://localhost:4321/auth/signup:0
[  440329ms] [INFO] %cDownload the React DevTools for a better development experience: https://react.dev/link/react-devtools font-weight:bold @ http://localhost:4321/node_modules/.vite/deps/@sentry_astro.js?v=6d999ffb:7856
[  441356ms] [ERROR] Failed to load resource: the server responded with a status of 403 () @ https://o4511508107755520.ingest.de.sentry.io/api/4511508132331600/envelope/?sentry_version=7&sentry_key=e7d48789153d6cbfcc0697cdb26e01f7&sentry_client=sentry.javascript.astro%2F10.56.0:0
[  442508ms] [VERBOSE] [DOM] Input elements should have autocomplete attributes (suggested: "username"): (More info: https://goo.gl/9p2vKq) %o @ http://localhost:4321/auth/signup:0
[  442520ms] [INFO] %cDownload the React DevTools for a better development experience: https://react.dev/link/react-devtools font-weight:bold @ http://localhost:4321/node_modules/.vite/deps/@sentry_astro.js?v=6d999ffb:7856
[  443546ms] [ERROR] Failed to load resource: the server responded with a status of 403 () @ https://o4511508107755520.ingest.de.sentry.io/api/4511508132331600/envelope/?sentry_version=7&sentry_key=e7d48789153d6cbfcc0697cdb26e01f7&sentry_client=sentry.javascript.astro%2F10.56.0:0
[  448970ms] [VERBOSE] [DOM] Input elements should have autocomplete attributes (suggested: "username"): (More info: https://goo.gl/9p2vKq) %o @ http://localhost:4321/auth/signup:0
[  448984ms] [INFO] %cDownload the React DevTools for a better development experience: https://react.dev/link/react-devtools font-weight:bold @ http://localhost:4321/node_modules/.vite/deps/@sentry_astro.js?v=6d999ffb:7856
[  450017ms] [ERROR] Failed to load resource: the server responded with a status of 403 () @ https://o4511508107755520.ingest.de.sentry.io/api/4511508132331600/envelope/?sentry_version=7&sentry_key=e7d48789153d6cbfcc0697cdb26e01f7&sentry_client=sentry.javascript.astro%2F10.56.0:0
[  452340ms] [VERBOSE] [DOM] Input elements should have autocomplete attributes (suggested: "username"): (More info: https://goo.gl/9p2vKq) %o @ http://localhost:4321/auth/signin:0
[  452353ms] [INFO] %cDownload the React DevTools for a better development experience: https://react.dev/link/react-devtools font-weight:bold @ http://localhost:4321/node_modules/.vite/deps/@sentry_astro.js?v=6d999ffb:7856
[  453382ms] [ERROR] Failed to load resource: the server responded with a status of 403 () @ https://o4511508107755520.ingest.de.sentry.io/api/4511508132331600/envelope/?sentry_version=7&sentry_key=e7d48789153d6cbfcc0697cdb26e01f7&sentry_client=sentry.javascript.astro%2F10.56.0:0
[  454648ms] [VERBOSE] [DOM] Input elements should have autocomplete attributes (suggested: "username"): (More info: https://goo.gl/9p2vKq) %o @ http://localhost:4321/auth/signup:0
[  454660ms] [INFO] %cDownload the React DevTools for a better development experience: https://react.dev/link/react-devtools font-weight:bold @ http://localhost:4321/node_modules/.vite/deps/@sentry_astro.js?v=6d999ffb:7856
[  455694ms] [ERROR] Failed to load resource: the server responded with a status of 403 () @ https://o4511508107755520.ingest.de.sentry.io/api/4511508132331600/envelope/?sentry_version=7&sentry_key=e7d48789153d6cbfcc0697cdb26e01f7&sentry_client=sentry.javascript.astro%2F10.56.0:0
[  457252ms] [VERBOSE] [DOM] Input elements should have autocomplete attributes (suggested: "username"): (More info: https://goo.gl/9p2vKq) %o @ http://localhost:4321/auth/signin:0
[  457264ms] [INFO] %cDownload the React DevTools for a better development experience: https://react.dev/link/react-devtools font-weight:bold @ http://localhost:4321/node_modules/.vite/deps/@sentry_astro.js?v=6d999ffb:7856
[  458294ms] [ERROR] Failed to load resource: the server responded with a status of 403 () @ https://o4511508107755520.ingest.de.sentry.io/api/4511508132331600/envelope/?sentry_version=7&sentry_key=e7d48789153d6cbfcc0697cdb26e01f7&sentry_client=sentry.javascript.astro%2F10.56.0:0
