[     161ms] [VERBOSE] [DOM] Input elements should have autocomplete attributes (suggested: "current-password"): (More info: https://goo.gl/9p2vKq) %o @ http://localhost:4321/auth/signin:0
[     195ms] [INFO] %cDownload the React DevTools for a better development experience: https://react.dev/link/react-devtools font-weight:bold @ http://localhost:4321/node_modules/.vite/deps/@sentry_astro.js?v=4c9bc8d6:7856
[    1460ms] [ERROR] Failed to load resource: the server responded with a status of 403 () @ https://o4511508107755520.ingest.de.sentry.io/api/4511508132331600/envelope/?sentry_version=7&sentry_key=e7d48789153d6cbfcc0697cdb26e01f7&sentry_client=sentry.javascript.astro%2F10.56.0:0
[    8605ms] [INFO] %cDownload the React DevTools for a better development experience: https://react.dev/link/react-devtools font-weight:bold @ http://localhost:4321/node_modules/.vite/deps/@sentry_astro.js?v=4c9bc8d6:7856
[    9636ms] [ERROR] Failed to load resource: the server responded with a status of 403 () @ https://o4511508107755520.ingest.de.sentry.io/api/4511508132331600/envelope/?sentry_version=7&sentry_key=e7d48789153d6cbfcc0697cdb26e01f7&sentry_client=sentry.javascript.astro%2F10.56.0:0
[   27928ms] [INFO] %cDownload the React DevTools for a better development experience: https://react.dev/link/react-devtools font-weight:bold @ http://localhost:4321/node_modules/.vite/deps/@sentry_astro.js?v=4c9bc8d6:7856
[   28958ms] [ERROR] Failed to load resource: the server responded with a status of 403 () @ https://o4511508107755520.ingest.de.sentry.io/api/4511508132331600/envelope/?sentry_version=7&sentry_key=e7d48789153d6cbfcc0697cdb26e01f7&sentry_client=sentry.javascript.astro%2F10.56.0:0
[  342909ms] [ERROR] Failed to load resource: the server responded with a status of 403 () @ https://o4511508107755520.ingest.de.sentry.io/api/4511508132331600/envelope/?sentry_version=7&sentry_key=e7d48789153d6cbfcc0697cdb26e01f7&sentry_client=sentry.javascript.astro%2F10.56.0:0
[  344186ms] [INFO] %cDownload the React DevTools for a better development experience: https://react.dev/link/react-devtools font-weight:bold @ http://localhost:4321/node_modules/.vite/deps/@sentry_astro.js?v=4c9bc8d6:7856
[  345221ms] [ERROR] Failed to load resource: the server responded with a status of 403 () @ https://o4511508107755520.ingest.de.sentry.io/api/4511508132331600/envelope/?sentry_version=7&sentry_key=e7d48789153d6cbfcc0697cdb26e01f7&sentry_client=sentry.javascript.astro%2F10.56.0:0
[  346861ms] [ERROR] Failed to load resource: the server responded with a status of 403 () @ https://o4511508107755520.ingest.de.sentry.io/api/4511508132331600/envelope/?sentry_version=7&sentry_key=e7d48789153d6cbfcc0697cdb26e01f7&sentry_client=sentry.javascript.astro%2F10.56.0:0
[  348094ms] [INFO] %cDownload the React DevTools for a better development experience: https://react.dev/link/react-devtools font-weight:bold @ http://localhost:4321/node_modules/.vite/deps/@sentry_astro.js?v=4c9bc8d6:7856
[  349117ms] [ERROR] Failed to load resource: the server responded with a status of 403 () @ https://o4511508107755520.ingest.de.sentry.io/api/4511508132331600/envelope/?sentry_version=7&sentry_key=e7d48789153d6cbfcc0697cdb26e01f7&sentry_client=sentry.javascript.astro%2F10.56.0:0
[  529953ms] [INFO] %cDownload the React DevTools for a better development experience: https://react.dev/link/react-devtools font-weight:bold @ http://localhost:4321/node_modules/.vite/deps/@sentry_astro.js?v=4c9bc8d6:7856
[  530972ms] [ERROR] Failed to load resource: the server responded with a status of 403 () @ https://o4511508107755520.ingest.de.sentry.io/api/4511508132331600/envelope/?sentry_version=7&sentry_key=e7d48789153d6cbfcc0697cdb26e01f7&sentry_client=sentry.javascript.astro%2F10.56.0:0
[  532081ms] [INFO] %cDownload the React DevTools for a better development experience: https://react.dev/link/react-devtools font-weight:bold @ http://localhost:4321/node_modules/.vite/deps/@sentry_astro.js?v=4c9bc8d6:7856
[  533094ms] [ERROR] Failed to load resource: the server responded with a status of 403 () @ https://o4511508107755520.ingest.de.sentry.io/api/4511508132331600/envelope/?sentry_version=7&sentry_key=e7d48789153d6cbfcc0697cdb26e01f7&sentry_client=sentry.javascript.astro%2F10.56.0:0
[  542065ms] [INFO] %cDownload the React DevTools for a better development experience: https://react.dev/link/react-devtools font-weight:bold @ http://localhost:4321/node_modules/.vite/deps/chunk-HUKPTV3E.js?v=4c9bc8d6:20102
[  547478ms] [INFO] %cDownload the React DevTools for a better development experience: https://react.dev/link/react-devtools font-weight:bold @ http://localhost:4321/node_modules/.vite/deps/@sentry_astro.js?v=4c9bc8d6:7856
[  548500ms] [ERROR] Failed to load resource: the server responded with a status of 403 () @ https://o4511508107755520.ingest.de.sentry.io/api/4511508132331600/envelope/?sentry_version=7&sentry_key=e7d48789153d6cbfcc0697cdb26e01f7&sentry_client=sentry.javascript.astro%2F10.56.0:0
[  549972ms] [INFO] %cDownload the React DevTools for a better development experience: https://react.dev/link/react-devtools font-weight:bold @ http://localhost:4321/node_modules/.vite/deps/@sentry_astro.js?v=4c9bc8d6:7856
[  550991ms] [ERROR] Failed to load resource: the server responded with a status of 403 () @ https://o4511508107755520.ingest.de.sentry.io/api/4511508132331600/envelope/?sentry_version=7&sentry_key=e7d48789153d6cbfcc0697cdb26e01f7&sentry_client=sentry.javascript.astro%2F10.56.0:0
